GROUP,PACKAGE,CLASS,INSTRUCTION_MISSED,INSTRUCTION_COVERED,BRANCH_MISSED,BRANCH_COVERED,LINE_MISSED,LINE_COVERED,COMPLEXITY_MISSED,COMPLEXITY_COVERED,METHOD_MISSED,METHOD_COVERED
ChillDev Lambda@Edge deploy,pl.chilldev.lambda.edgedeploy.zip,ZipBuilder,0,75,0,2,0,18,0,8,0,7
ChillDev Lambda@Edge deploy,pl.chilldev.lambda.edgedeploy.model,EdgeDeployRequest,435,96,90,0,64,41,49,25,4,25
ChillDev Lambda@Edge deploy,pl.chilldev.lambda.edgedeploy,Handler,0,46,0,0,0,11,0,3,0,3
ChillDev Lambda@Edge deploy,pl.chilldev.lambda.edgedeploy.service,LambdaEdgeManager,0,216,0,2,0,55,0,7,0,6
