<?xml version="1.0" encoding="UTF-8" standalone="yes"?><!DOCTYPE report PUBLIC "-//JACOCO//DTD Report 1.1//EN" "report.dtd"><report name="WrzasqPl CodePipeline automation macro"><sessioninfo id="travis-job-7b8026a5-b1d7-4d62-9b40-00bb03314cba-1a2de7a8" start="1593788375264" dump="1593788379548"/><package name="pl/wrzasq/lambda/macro/pipeline/multistagecd/model"><class name="pl/wrzasq/lambda/macro/pipeline/multistagecd/model/PipelineAction$PipelineActionBuilder" sourcefilename="PipelineAction.java"/><class name="pl/wrzasq/lambda/macro/pipeline/multistagecd/model/PipelineAction" sourcefilename="PipelineAction.java"/><class name="pl/wrzasq/lambda/macro/pipeline/multistagecd/model/PipelineStage" sourcefilename="PipelineStage.java"/><class name="pl/wrzasq/lambda/macro/pipeline/multistagecd/model/PipelineArtifact" sourcefilename="PipelineArtifact.java"/><class name="pl/wrzasq/lambda/macro/pipeline/multistagecd/model/PipelineConfiguraiton" sourcefilename="PipelineConfiguraiton.java"/><class name="pl/wrzasq/lambda/macro/pipeline/multistagecd/model/PipelineDefinition" sourcefilename="PipelineDefinition.java"/><sourcefile name="PipelineStage.java"/><sourcefile name="PipelineDefinition.java"/><sourcefile name="PipelineArtifact.java"/><sourcefile name="PipelineConfiguraiton.java"/><sourcefile name="PipelineAction.java"/></package><package name="pl/wrzasq/lambda/macro/pipeline/multistagecd"><class name="pl/wrzasq/lambda/macro/pipeline/multistagecd/Handler" sourcefilename="Handler.java"><method name="&lt;init&gt;" desc="()V" line="31"><counter type="INSTRUCTION" missed="0" covered="9"/><counter type="LINE" missed="0" covered="3"/><counter type="COMPLEXITY" missed="0" covered="1"/><counter type="METHOD" missed="0" covered="1"/></method><method name="handleRequest" desc="(Lpl/wrzasq/commons/aws/cloudformation/macro/CloudFormationMacroRequest;Lcom/amazonaws/services/lambda/runtime/Context;)Lpl/wrzasq/commons/aws/cloudformation/macro/CloudFormationMacroResponse;" line="40"><counter type="INSTRUCTION" missed="0" covered="5"/><counter type="LINE" missed="0" covered="1"/><counter type="COMPLEXITY" missed="0" covered="1"/><counter type="METHOD" missed="0" covered="1"/></method><counter type="INSTRUCTION" missed="0" covered="14"/><counter type="LINE" missed="0" covered="4"/><counter type="COMPLEXITY" missed="0" covered="2"/><counter type="METHOD" missed="0" covered="2"/><counter type="CLASS" missed="0" covered="1"/></class><sourcefile name="Handler.java"><line nr="31" mi="0" ci="2" mb="0" cb="0"/><line nr="32" mi="0" ci="6" mb="0" cb="0"/><line nr="33" mi="0" ci="1" mb="0" cb="0"/><line nr="40" mi="0" ci="5" mb="0" cb="0"/><counter type="INSTRUCTION" missed="0" covered="14"/><counter type="LINE" missed="0" covered="4"/><counter type="COMPLEXITY" missed="0" covered="2"/><counter type="METHOD" missed="0" covered="2"/><counter type="CLASS" missed="0" covered="1"/></sourcefile><counter type="INSTRUCTION" missed="0" covered="14"/><counter type="LINE" missed="0" covered="4"/><counter type="COMPLEXITY" missed="0" covered="2"/><counter type="METHOD" missed="0" covered="2"/><counter type="CLASS" missed="0" covered="1"/></package><package name="pl/wrzasq/lambda/macro/pipeline/multistagecd/template"><class name="pl/wrzasq/lambda/macro/pipeline/multistagecd/template/CodePipelineUtils" sourcefilename="CodePipelineUtils.java"><method name="&lt;init&gt;" desc="()V" line="19"><counter type="INSTRUCTION" missed="3" covered="0"/><counter type="LINE" missed="1" covered="0"/><counter type="COMPLEXITY" missed="1" covered="0"/><counter type="METHOD" missed="1" covered="0"/></method><method name="buildArtifactRef" desc="(Ljava/lang/String;)Ljava/util/Map;" line="37"><counter type="INSTRUCTION" missed="0" covered="4"/><counter type="LINE" missed="0" covered="1"/><counter type="COMPLEXITY" missed="0" covered="1"/><counter type="METHOD" missed="0" covered="1"/></method><method name="buildStage" desc="(Ljava/lang/String;Ljava/lang/Object;)Ljava/util/Map;" line="48"><counter type="INSTRUCTION" missed="0" covered="16"/><counter type="LINE" missed="0" covered="4"/><counter type="COMPLEXITY" missed="0" covered="1"/><counter type="METHOD" missed="0" covered="1"/></method><method name="convertActionTypeId" desc="(Ljava/lang/Object;)Ljava/lang/Object;" line="61"><counter type="INSTRUCTION" missed="0" covered="38"/><counter type="BRANCH" missed="0" covered="2"/><counter type="LINE" missed="0" covered="9"/><counter type="COMPLEXITY" missed="0" covered="2"/><counter type="METHOD" missed="0" covered="1"/></method><counter type="INSTRUCTION" missed="3" covered="58"/><counter type="BRANCH" missed="0" covered="2"/><counter type="LINE" missed="1" covered="14"/><counter type="COMPLEXITY" missed="1" covered="4"/><counter type="METHOD" missed="1" covered="3"/><counter type="CLASS" missed="0" covered="1"/></class><class name="pl/wrzasq/lambda/macro/pipeline/multistagecd/template/ProcessedTemplate" sourcefilename="ProcessedTemplate.java"><method name="&lt;init&gt;" desc="(Ljava/util/Map;)V" line="68"><counter type="INSTRUCTION" missed="0" covered="14"/><counter type="BRANCH" missed="0" covered="2"/><counter type="LINE" missed="0" covered="4"/><counter type="COMPLEXITY" missed="0" covered="2"/><counter type="METHOD" missed="0" covered="1"/></method><method name="processTemplate" desc="(Ljava/util/Map;)Ljava/util/Map;" line="81"><counter type="INSTRUCTION" missed="0" covered="47"/><counter type="LINE" missed="0" covered="7"/><counter type="COMPLEXITY" missed="0" covered="1"/><counter type="METHOD" missed="0" covered="1"/></method><method name="buildConditions" desc="(Ljava/util/Map;Lpl/wrzasq/lambda/macro/pipeline/multistagecd/model/PipelineConfiguraiton;)Ljava/util/Map;" line="100"><counter type="INSTRUCTION" missed="0" covered="41"/><counter type="LINE" missed="0" covered="4"/><counter type="COMPLEXITY" missed="0" covered="1"/><counter type="METHOD" missed="0" covered="1"/></method><method name="buildResources" desc="(Ljava/util/Map;Lpl/wrzasq/lambda/macro/pipeline/multistagecd/model/PipelineDefinition;)Ljava/util/Map;" line="114"><counter type="INSTRUCTION" missed="0" covered="40"/><counter type="BRANCH" missed="1" covered="3"/><counter type="LINE" missed="0" covered="5"/><counter type="COMPLEXITY" missed="1" covered="2"/><counter type="METHOD" missed="0" covered="1"/></method><method name="buildPipelineDefinition" desc="(Lpl/wrzasq/lambda/macro/pipeline/multistagecd/model/PipelineDefinition;)Ljava/util/Map;" line="130"><counter type="INSTRUCTION" missed="0" covered="55"/><counter type="LINE" missed="0" covered="10"/><counter type="COMPLEXITY" missed="0" covered="1"/><counter type="METHOD" missed="0" covered="1"/></method><method name="buildSourceStage" desc="(Lpl/wrzasq/lambda/macro/pipeline/multistagecd/model/PipelineConfiguraiton;Ljava/util/Map;Ljava/util/Map;)Ljava/util/Map;" line="152"><counter type="INSTRUCTION" missed="0" covered="12"/><counter type="LINE" missed="0" covered="1"/><counter type="COMPLEXITY" missed="0" covered="1"/><counter type="METHOD" missed="0" covered="1"/></method><method name="buildCheckoutSources" desc="(Ljava/util/Map;)Ljava/lang/Object;" line="162"><counter type="INSTRUCTION" missed="0" covered="38"/><counter type="BRANCH" missed="0" covered="2"/><counter type="LINE" missed="0" covered="5"/><counter type="COMPLEXITY" missed="0" covered="2"/><counter type="METHOD" missed="0" covered="1"/></method><method name="buildPromotedSources" desc="(Ljava/util/Map;)Ljava/lang/Object;" line="177"><counter type="INSTRUCTION" missed="0" covered="68"/><counter type="BRANCH" missed="0" covered="2"/><counter type="LINE" missed="0" covered="11"/><counter type="COMPLEXITY" missed="0" covered="2"/><counter type="METHOD" missed="0" covered="1"/></method><method name="buildStages" desc="(Ljava/util/List;)Ljava/util/List;" line="201"><counter type="INSTRUCTION" missed="0" covered="9"/><counter type="LINE" missed="0" covered="1"/><counter type="COMPLEXITY" missed="0" covered="1"/><counter type="METHOD" missed="0" covered="1"/></method><method name="buildManualApprovalStage" desc="(Lpl/wrzasq/lambda/macro/pipeline/multistagecd/model/PipelineConfiguraiton;)Ljava/lang/Object;" line="211"><counter type="INSTRUCTION" missed="0" covered="15"/><counter type="LINE" missed="0" covered="1"/><counter type="COMPLEXITY" missed="0" covered="1"/><counter type="METHOD" missed="0" covered="1"/></method><method name="buildPromoteStage" desc="(Lpl/wrzasq/lambda/macro/pipeline/multistagecd/model/PipelineConfiguraiton;Ljava/util/Map;)Ljava/lang/Object;" line="222"><counter type="INSTRUCTION" missed="0" covered="84"/><counter type="BRANCH" missed="0" covered="2"/><counter type="LINE" missed="0" covered="13"/><counter type="COMPLEXITY" missed="0" covered="2"/><counter type="METHOD" missed="0" covered="1"/></method><method name="buildStage" desc="(Lpl/wrzasq/lambda/macro/pipeline/multistagecd/model/PipelineStage;)Ljava/util/Map;" line="245"><counter type="INSTRUCTION" missed="0" covered="18"/><counter type="LINE" missed="0" covered="4"/><counter type="COMPLEXITY" missed="0" covered="1"/><counter type="METHOD" missed="0" covered="1"/></method><method name="normalizeAction" desc="(Lpl/wrzasq/lambda/macro/pipeline/multistagecd/model/PipelineAction;)V" line="257"><counter type="INSTRUCTION" missed="0" covered="11"/><counter type="BRANCH" missed="0" covered="2"/><counter type="LINE" missed="0" covered="4"/><counter type="COMPLEXITY" missed="0" covered="2"/><counter type="METHOD" missed="0" covered="1"/></method><method name="orderActions" desc="(Ljava/util/List;)V" line="269"><counter type="INSTRUCTION" missed="0" covered="18"/><counter type="LINE" missed="0" covered="5"/><counter type="COMPLEXITY" missed="0" covered="1"/><counter type="METHOD" missed="0" covered="1"/></method><method name="calculateActionOrder" desc="(Lpl/wrzasq/lambda/macro/pipeline/multistagecd/model/PipelineAction;Ljava/util/Set;Ljava/util/Map;)V" line="284"><counter type="INSTRUCTION" missed="0" covered="55"/><counter type="BRANCH" missed="0" covered="4"/><counter type="LINE" missed="0" covered="8"/><counter type="COMPLEXITY" missed="0" covered="3"/><counter type="METHOD" missed="0" covered="1"/></method><method name="detectInputArtifacts" desc="(Lpl/wrzasq/lambda/macro/pipeline/multistagecd/model/PipelineAction;)Ljava/util/List;" line="304"><counter type="INSTRUCTION" missed="0" covered="40"/><counter type="BRANCH" missed="0" covered="4"/><counter type="LINE" missed="0" covered="9"/><counter type="COMPLEXITY" missed="0" covered="3"/><counter type="METHOD" missed="0" covered="1"/></method><method name="buildActionDefinition" desc="(Lpl/wrzasq/lambda/macro/pipeline/multistagecd/model/PipelineAction;)Ljava/util/Map;" line="326"><counter type="INSTRUCTION" missed="0" covered="6"/><counter type="LINE" missed="0" covered="1"/><counter type="COMPLEXITY" missed="0" covered="1"/><counter type="METHOD" missed="0" covered="1"/></method><method name="buildActionDefinition" desc="(Ljava/util/Map;Lpl/wrzasq/lambda/macro/pipeline/multistagecd/model/PipelineAction;)Ljava/util/Map;" line="337"><counter type="INSTRUCTION" missed="0" covered="64"/><counter type="BRANCH" missed="0" covered="10"/><counter type="LINE" missed="0" covered="13"/><counter type="COMPLEXITY" missed="0" covered="6"/><counter type="METHOD" missed="0" covered="1"/></method><method name="buildWebhookDefinition" desc="(Lpl/wrzasq/lambda/macro/pipeline/multistagecd/model/PipelineConfiguraiton;Ljava/lang/String;)Ljava/util/Map;" line="365"><counter type="INSTRUCTION" missed="0" covered="70"/><counter type="LINE" missed="0" covered="12"/><counter type="COMPLEXITY" missed="0" covered="1"/><counter type="METHOD" missed="0" covered="1"/></method><method name="buildBooleanCondition" desc="(Ljava/lang/String;)Ljava/util/Map;" line="386"><counter type="INSTRUCTION" missed="0" covered="15"/><counter type="LINE" missed="0" covered="1"/><counter type="COMPLEXITY" missed="0" covered="1"/><counter type="METHOD" missed="0" covered="1"/></method><method name="buildArtifactRefs" desc="(Ljava/util/Collection;)Ljava/util/List;" line="396"><counter type="INSTRUCTION" missed="0" covered="9"/><counter type="LINE" missed="0" covered="1"/><counter type="COMPLEXITY" missed="0" covered="1"/><counter type="METHOD" missed="0" covered="1"/></method><method name="fnIf" desc="(Ljava/lang/String;Ljava/lang/Object;Ljava/lang/Object;)Ljava/util/Map;" line="408"><counter type="INSTRUCTION" missed="0" covered="18"/><counter type="LINE" missed="0" covered="1"/><counter type="COMPLEXITY" missed="0" covered="1"/><counter type="METHOD" missed="0" covered="1"/></method><method name="lambda$buildActionDefinition$9" desc="(Lpl/wrzasq/lambda/macro/pipeline/multistagecd/model/PipelineAction;Ljava/lang/String;Ljava/lang/Object;)Ljava/lang/Object;" line="338"><counter type="INSTRUCTION" missed="0" covered="9"/><counter type="BRANCH" missed="0" covered="2"/><counter type="LINE" missed="0" covered="1"/><counter type="COMPLEXITY" missed="0" covered="2"/><counter type="METHOD" missed="0" covered="1"/></method><method name="lambda$calculateActionOrder$8" desc="(Ljava/lang/Integer;)I" line="293"><counter type="INSTRUCTION" missed="0" covered="9"/><counter type="BRANCH" missed="0" covered="2"/><counter type="LINE" missed="0" covered="1"/><counter type="COMPLEXITY" missed="0" covered="2"/><counter type="METHOD" missed="0" covered="1"/></method><method name="lambda$calculateActionOrder$7" desc="(Ljava/util/Map;Ljava/lang/String;)Ljava/lang/Integer;" line="293"><counter type="INSTRUCTION" missed="0" covered="6"/><counter type="LINE" missed="0" covered="1"/><counter type="COMPLEXITY" missed="0" covered="1"/><counter type="METHOD" missed="0" covered="1"/></method><method name="lambda$calculateActionOrder$6" desc="(Ljava/util/Map;Ljava/util/Set;Ljava/lang/String;)V" line="293"><counter type="INSTRUCTION" missed="0" covered="8"/><counter type="LINE" missed="0" covered="1"/><counter type="COMPLEXITY" missed="0" covered="1"/><counter type="METHOD" missed="0" covered="1"/></method><method name="lambda$orderActions$5" desc="(Ljava/util/HashSet;Ljava/util/HashMap;Lpl/wrzasq/lambda/macro/pipeline/multistagecd/model/PipelineAction;)V" line="272"><counter type="INSTRUCTION" missed="0" covered="5"/><counter type="LINE" missed="0" covered="1"/><counter type="COMPLEXITY" missed="0" covered="1"/><counter type="METHOD" missed="0" covered="1"/></method><method name="lambda$orderActions$4" desc="(Ljava/util/HashMap;Lpl/wrzasq/lambda/macro/pipeline/multistagecd/model/PipelineAction;)V" line="271"><counter type="INSTRUCTION" missed="0" covered="7"/><counter type="LINE" missed="0" covered="1"/><counter type="COMPLEXITY" missed="0" covered="1"/><counter type="METHOD" missed="0" covered="1"/></method><method name="lambda$orderActions$3" desc="(Ljava/util/HashMap;Lpl/wrzasq/lambda/macro/pipeline/multistagecd/model/PipelineAction;Ljava/lang/String;)V" line="271"><counter type="INSTRUCTION" missed="0" covered="6"/><counter type="LINE" missed="0" covered="1"/><counter type="COMPLEXITY" missed="0" covered="1"/><counter type="METHOD" missed="0" covered="1"/></method><method name="lambda$buildStages$2" desc="(Lpl/wrzasq/lambda/macro/pipeline/multistagecd/model/PipelineStage;)Ljava/util/Map;" line="201"><counter type="INSTRUCTION" missed="0" covered="15"/><counter type="BRANCH" missed="0" covered="2"/><counter type="LINE" missed="0" covered="1"/><counter type="COMPLEXITY" missed="0" covered="2"/><counter type="METHOD" missed="0" covered="1"/></method><method name="lambda$processTemplate$1" desc="(Ljava/lang/String;)Ljava/lang/Object;" line="88"><counter type="INSTRUCTION" missed="0" covered="4"/><counter type="LINE" missed="0" covered="1"/><counter type="COMPLEXITY" missed="0" covered="1"/><counter type="METHOD" missed="0" covered="1"/></method><method name="lambda$processTemplate$0" desc="(Ljava/lang/String;)Ljava/lang/Object;" line="87"><counter type="INSTRUCTION" missed="0" covered="4"/><counter type="LINE" missed="0" covered="1"/><counter type="COMPLEXITY" missed="0" covered="1"/><counter type="METHOD" missed="0" covered="1"/></method><method name="&lt;clinit&gt;" desc="()V" line="45"><counter type="INSTRUCTION" missed="0" covered="9"/><counter type="LINE" missed="0" covered="3"/><counter type="COMPLEXITY" missed="0" covered="1"/><counter type="METHOD" missed="0" covered="1"/></method><counter type="INSTRUCTION" missed="0" covered="829"/><counter type="BRANCH" missed="1" covered="37"/><counter type="LINE" missed="0" covered="124"/><counter type="COMPLEXITY" missed="1" covered="51"/><counter type="METHOD" missed="0" covered="33"/><counter type="CLASS" missed="0" covered="1"/></class><sourcefile name="CodePipelineUtils.java"><line nr="19" mi="3" ci="0" mb="0" cb="0"/><line nr="37" mi="0" ci="4" mb="0" cb="0"/><line nr="48" mi="0" ci="4" mb="0" cb="0"/><line nr="49" mi="0" ci="5" mb="0" cb="0"/><line nr="50" mi="0" ci="5" mb="0" cb="0"/><line nr="51" mi="0" ci="2" mb="0" cb="0"/><line nr="61" mi="0" ci="3" mb="0" cb="2"/><line nr="62" mi="0" ci="3" mb="0" cb="0"/><line nr="63" mi="0" ci="4" mb="0" cb="0"/><line nr="64" mi="0" ci="6" mb="0" cb="0"/><line nr="65" mi="0" ci="6" mb="0" cb="0"/><line nr="66" mi="0" ci="6" mb="0" cb="0"/><line nr="67" mi="0" ci="6" mb="0" cb="0"/><line nr="68" mi="0" ci="2" mb="0" cb="0"/><line nr="70" mi="0" ci="2" mb="0" cb="0"/><counter type="INSTRUCTION" missed="3" covered="58"/><counter type="BRANCH" missed="0" covered="2"/><counter type="LINE" missed="1" covered="14"/><counter type="COMPLEXITY" missed="1" covered="4"/><counter type="METHOD" missed="1" covered="3"/><counter type="CLASS" missed="0" covered="1"/></sourcefile><sourcefile name="ProcessedTemplate.java"><line nr="45" mi="0" ci="3" mb="0" cb="0"/><line nr="53" mi="0" ci="2" mb="0" cb="0"/><line nr="57" mi="0" ci="4" mb="0" cb="0"/><line nr="68" mi="0" ci="2" mb="0" cb="0"/><line nr="69" mi="0" ci="9" mb="0" cb="2"/><line nr="71" mi="0" ci="2" mb="0" cb="0"/><line nr="72" mi="0" ci="1" mb="0" cb="0"/><line nr="81" mi="0" ci="3" mb="0" cb="0"/><line nr="83" mi="0" ci="8" mb="0" cb="0"/><line nr="84" mi="0" ci="4" mb="0" cb="0"/><line nr="85" mi="0" ci="5" mb="0" cb="0"/><line nr="87" mi="0" ci="17" mb="0" cb="0"/><line nr="88" mi="0" ci="16" mb="0" cb="0"/><line nr="89" mi="0" ci="2" mb="0" cb="0"/><line nr="100" mi="0" ci="8" mb="0" cb="0"/><line nr="101" mi="0" ci="8" mb="0" cb="0"/><line nr="102" mi="0" ci="23" mb="0" cb="0"/><line nr="103" mi="0" ci="2" mb="0" cb="0"/><line nr="114" mi="0" ci="3" mb="0" cb="0"/><line nr="115" mi="0" ci="8" mb="0" cb="0"/><line nr="117" mi="0" ci="6" mb="1" cb="3"/><line nr="118" mi="0" ci="21" mb="0" cb="0"/><line nr="120" mi="0" ci="2" mb="0" cb="0"/><line nr="130" mi="0" ci="3" mb="0" cb="0"/><line nr="131" mi="0" ci="3" mb="0" cb="0"/><line nr="132" mi="0" ci="4" mb="0" cb="0"/><line nr="133" mi="0" ci="9" mb="0" cb="0"/><line nr="134" mi="0" ci="7" mb="0" cb="0"/><line nr="135" mi="0" ci="6" mb="0" cb="0"/><line nr="136" mi="0" ci="7" mb="0" cb="0"/><line nr="138" mi="0" ci="6" mb="0" cb="0"/><line nr="139" mi="0" ci="5" mb="0" cb="0"/><line nr="140" mi="0" ci="5" mb="0" cb="0"/><line nr="152" mi="0" ci="12" mb="0" cb="0"/><line nr="162" mi="0" ci="6" mb="0" cb="0"/><line nr="164" mi="0" ci="14" mb="0" cb="2"/><line nr="165" mi="0" ci="15" mb="0" cb="0"/><line nr="166" mi="0" ci="1" mb="0" cb="0"/><line nr="167" mi="0" ci="2" mb="0" cb="0"/><line nr="177" mi="0" ci="6" mb="0" cb="0"/><line nr="178" mi="0" ci="2" mb="0" cb="0"/><line nr="179" mi="0" ci="2" mb="0" cb="0"/><line nr="184" mi="0" ci="15" mb="0" cb="2"/><line nr="185" mi="0" ci="5" mb="0" cb="0"/><line nr="186" mi="0" ci="4" mb="0" cb="0"/><line nr="187" mi="0" ci="6" mb="0" cb="0"/><line nr="188" mi="0" ci="6" mb="0" cb="0"/><line nr="189" mi="0" ci="19" mb="0" cb="0"/><line nr="190" mi="0" ci="1" mb="0" cb="0"/><line nr="191" mi="0" ci="2" mb="0" cb="0"/><line nr="201" mi="0" ci="24" mb="0" cb="2"/><line nr="211" mi="0" ci="15" mb="0" cb="0"/><line nr="222" mi="0" ci="6" mb="0" cb="0"/><line nr="223" mi="0" ci="2" mb="0" cb="0"/><line nr="224" mi="0" ci="14" mb="0" cb="2"/><line nr="225" mi="0" ci="5" mb="0" cb="0"/><line nr="226" mi="0" ci="2" mb="0" cb="0"/><line nr="227" mi="0" ci="4" mb="0" cb="0"/><line nr="228" mi="0" ci="6" mb="0" cb="0"/><line nr="229" mi="0" ci="6" mb="0" cb="0"/><line nr="230" mi="0" ci="6" mb="0" cb="0"/><line nr="232" mi="0" ci="5" mb="0" cb="0"/><line nr="233" mi="0" ci="19" mb="0" cb="0"/><line nr="234" mi="0" ci="1" mb="0" cb="0"/><line nr="235" mi="0" ci="8" mb="0" cb="0"/><line nr="245" mi="0" ci="3" mb="0" cb="0"/><line nr="246" mi="0" ci="3" mb="0" cb="0"/><line nr="247" mi="0" ci="2" mb="0" cb="0"/><line nr="248" mi="0" ci="10" mb="0" cb="0"/><line nr="257" mi="0" ci="3" mb="0" cb="2"/><line nr="258" mi="0" ci="3" mb="0" cb="0"/><line nr="260" mi="0" ci="4" mb="0" cb="0"/><line nr="261" mi="0" ci="1" mb="0" cb="0"/><line nr="269" mi="0" ci="4" mb="0" cb="0"/><line nr="270" mi="0" ci="4" mb="0" cb="0"/><line nr="271" mi="0" ci="17" mb="0" cb="0"/><line nr="272" mi="0" ci="10" mb="0" cb="0"/><line nr="273" mi="0" ci="1" mb="0" cb="0"/><line nr="284" mi="0" ci="3" mb="0" cb="2"/><line nr="285" mi="0" ci="1" mb="0" cb="0"/><line nr="287" mi="0" ci="4" mb="0" cb="2"/><line nr="288" mi="0" ci="13" mb="0" cb="0"/><line nr="290" mi="0" ci="4" mb="0" cb="0"/><line nr="293" mi="0" ci="48" mb="0" cb="2"/><line nr="294" mi="0" ci="4" mb="0" cb="0"/><line nr="295" mi="0" ci="1" mb="0" cb="0"/><line nr="304" mi="0" ci="3" mb="0" cb="0"/><line nr="306" mi="0" ci="3" mb="0" cb="0"/><line nr="307" mi="0" ci="4" mb="0" cb="0"/><line nr="308" mi="0" ci="3" mb="0" cb="2"/><line nr="309" mi="0" ci="9" mb="0" cb="0"/><line nr="312" mi="0" ci="4" mb="0" cb="0"/><line nr="313" mi="0" ci="3" mb="0" cb="2"/><line nr="314" mi="0" ci="9" mb="0" cb="0"/><line nr="316" mi="0" ci="2" mb="0" cb="0"/><line nr="326" mi="0" ci="6" mb="0" cb="0"/><line nr="337" mi="0" ci="6" mb="0" cb="0"/><line nr="338" mi="0" ci="15" mb="0" cb="2"/><line nr="339" mi="0" ci="3" mb="0" cb="2"/><line nr="340" mi="0" ci="6" mb="0" cb="0"/><line nr="342" mi="0" ci="4" mb="0" cb="2"/><line nr="343" mi="0" ci="6" mb="0" cb="0"/><line nr="345" mi="0" ci="4" mb="0" cb="2"/><line nr="346" mi="0" ci="7" mb="0" cb="0"/><line nr="348" mi="0" ci="4" mb="0" cb="2"/><line nr="349" mi="0" ci="7" mb="0" cb="0"/><line nr="351" mi="0" ci="3" mb="0" cb="2"/><line nr="352" mi="0" ci="6" mb="0" cb="0"/><line nr="354" mi="0" ci="2" mb="0" cb="0"/><line nr="365" mi="0" ci="4" mb="0" cb="0"/><line nr="366" mi="0" ci="5" mb="0" cb="0"/><line nr="367" mi="0" ci="5" mb="0" cb="0"/><line nr="368" mi="0" ci="4" mb="0" cb="0"/><line nr="369" mi="0" ci="6" mb="0" cb="0"/><line nr="370" mi="0" ci="8" mb="0" cb="0"/><line nr="371" mi="0" ci="7" mb="0" cb="0"/><line nr="372" mi="0" ci="8" mb="0" cb="0"/><line nr="373" mi="0" ci="5" mb="0" cb="0"/><line nr="374" mi="0" ci="6" mb="0" cb="0"/><line nr="375" mi="0" ci="6" mb="0" cb="0"/><line nr="376" mi="0" ci="6" mb="0" cb="0"/><line nr="386" mi="0" ci="15" mb="0" cb="0"/><line nr="396" mi="0" ci="9" mb="0" cb="0"/><line nr="408" mi="0" ci="18" mb="0" cb="0"/><counter type="INSTRUCTION" missed="0" covered="829"/><counter type="BRANCH" missed="1" covered="37"/><counter type="LINE" missed="0" covered="124"/><counter type="COMPLEXITY" missed="1" covered="51"/><counter type="METHOD" missed="0" covered="33"/><counter type="CLASS" missed="0" covered="1"/></sourcefile><counter type="INSTRUCTION" missed="3" covered="887"/><counter type="BRANCH" missed="1" covered="39"/><counter type="LINE" missed="1" covered="138"/><counter type="COMPLEXITY" missed="2" covered="55"/><counter type="METHOD" missed="1" covered="36"/><counter type="CLASS" missed="0" covered="2"/></package><package name="pl/wrzasq/lambda/macro/pipeline/multistagecd/model/codepipeline"><class name="pl/wrzasq/lambda/macro/pipeline/multistagecd/model/codepipeline/ActionTypeId" sourcefilename="ActionTypeId.java"><method name="s3Source" desc="()Lpl/wrzasq/lambda/macro/pipeline/multistagecd/model/codepipeline/ActionTypeId;" line="67"><counter type="INSTRUCTION" missed="0" covered="4"/><counter type="LINE" missed="0" covered="1"/><counter type="COMPLEXITY" missed="0" covered="1"/><counter type="METHOD" missed="0" covered="1"/></method><method name="s3Deploy" desc="()Lpl/wrzasq/lambda/macro/pipeline/multistagecd/model/codepipeline/ActionTypeId;" line="76"><counter type="INSTRUCTION" missed="0" covered="4"/><counter type="LINE" missed="0" covered="1"/><counter type="COMPLEXITY" missed="0" covered="1"/><counter type="METHOD" missed="0" covered="1"/></method><method name="cloudFormationDeploy" desc="()Lpl/wrzasq/lambda/macro/pipeline/multistagecd/model/codepipeline/ActionTypeId;" line="85"><counter type="INSTRUCTION" missed="0" covered="4"/><counter type="LINE" missed="0" covered="1"/><counter type="COMPLEXITY" missed="0" covered="1"/><counter type="METHOD" missed="0" covered="1"/></method><method name="manualApproval" desc="()Lpl/wrzasq/lambda/macro/pipeline/multistagecd/model/codepipeline/ActionTypeId;" line="94"><counter type="INSTRUCTION" missed="0" covered="4"/><counter type="LINE" missed="0" covered="1"/><counter type="COMPLEXITY" missed="0" covered="1"/><counter type="METHOD" missed="0" covered="1"/></method><method name="buildBuiltInAction" desc="(Ljava/lang/String;Ljava/lang/String;)Lpl/wrzasq/lambda/macro/pipeline/multistagecd/model/codepipeline/ActionTypeId;" line="105"><counter type="INSTRUCTION" missed="0" covered="12"/><counter type="LINE" missed="0" covered="4"/><counter type="COMPLEXITY" missed="0" covered="1"/><counter type="METHOD" missed="0" covered="1"/></method><counter type="INSTRUCTION" missed="0" covered="28"/><counter type="LINE" missed="0" covered="8"/><counter type="COMPLEXITY" missed="0" covered="5"/><counter type="METHOD" missed="0" covered="5"/><counter type="CLASS" missed="0" covered="1"/></class><sourcefile name="ActionTypeId.java"><line nr="67" mi="0" ci="4" mb="0" cb="0"/><line nr="76" mi="0" ci="4" mb="0" cb="0"/><line nr="85" mi="0" ci="4" mb="0" cb="0"/><line nr="94" mi="0" ci="4" mb="0" cb="0"/><line nr="105" mi="0" ci="4" mb="0" cb="0"/><line nr="106" mi="0" ci="3" mb="0" cb="0"/><line nr="107" mi="0" ci="3" mb="0" cb="0"/><line nr="108" mi="0" ci="2" mb="0" cb="0"/><counter type="INSTRUCTION" missed="0" covered="28"/><counter type="LINE" missed="0" covered="8"/><counter type="COMPLEXITY" missed="0" covered="5"/><counter type="METHOD" missed="0" covered="5"/><counter type="CLASS" missed="0" covered="1"/></sourcefile><counter type="INSTRUCTION" missed="0" covered="28"/><counter type="LINE" missed="0" covered="8"/><counter type="COMPLEXITY" missed="0" covered="5"/><counter type="METHOD" missed="0" covered="5"/><counter type="CLASS" missed="0" covered="1"/></package><counter type="INSTRUCTION" missed="3" covered="929"/><counter type="BRANCH" missed="1" covered="39"/><counter type="LINE" missed="1" covered="150"/><counter type="COMPLEXITY" missed="2" covered="62"/><counter type="METHOD" missed="1" covered="43"/><counter type="CLASS" missed="0" covered="4"/></report>